<?xml version="1.0" encoding="UTF-8" ?>
<testsuite failures="0" time="0.937" errors="0" skipped="0" tests="4" name="utils.xml.xml2csv.XML2CSVGenericGeneratorTest">
  <properties>
[...]
</properties>
  <testcase time="0.25" classname="utils.xml.xml2csv.XML2CSVGenericGeneratorTest" name="checkResources"/>
  <testcase time="0.328" classname="utils.xml.xml2csv.XML2CSVGenericGeneratorTest" name="testOutputStreamGeneration"/>
  <testcase time="0.141" classname="utils.xml.xml2csv.XML2CSVGenericGeneratorTest" name="testFilesGeneration"/>
  <testcase time="0.14" classname="utils.xml.xml2csv.XML2CSVGenericGeneratorTest" name="testBlendFileGeneration"/>
</testsuite>